빌드 시작: 2016-04-19 오후 8:45:43
     1>2 노드의 "C:\Users\YooSee\Documents\Visual Studio 2013\Projects\C++football\C++football\C++football.vcxproj" 프로젝트(Build 대상)입니다.
     1>ClCompile:
         D:\Program Files (x86)\Microsoft Visual Studio 12.0\VC\bin\CL.exe /c /ZI /nologo /W3 /WX- /Od /Oy- /D WIN32 /D _DEBUG /D _CONSOLE /D _LIB /D _UNICODE /D UNICODE /Gm /EHsc /RTC1 /MDd /GS /fp:precise /Zc:wchar_t /Zc:forScope /Fo"Debug\\" /Fd"Debug\vc120.pdb" /Gd /TP /analyze- /errorReport:prompt football_function.cpp football_screen.cpp main.cpp
         football_screen.cpp
     1>c:\users\yoosee\documents\visual studio 2013\projects\c++football\c++football\football_screen.cpp(104): warning C4996: 'sprintf': This function or variable may be unsafe. Consider using sprintf_s instead. To disable deprecation, use _CRT_SECURE_NO_WARNINGS. See online help for details.
                 d:\program files (x86)\microsoft visual studio 12.0\vc\include\stdio.h(356) : 'sprintf' 선언을 참조하십시오.
     1>c:\users\yoosee\documents\visual studio 2013\projects\c++football\c++football\football_screen.cpp(128): warning C4996: 'sprintf': This function or variable may be unsafe. Consider using sprintf_s instead. To disable deprecation, use _CRT_SECURE_NO_WARNINGS. See online help for details.
                 d:\program files (x86)\microsoft visual studio 12.0\vc\include\stdio.h(356) : 'sprintf' 선언을 참조하십시오.
     1>c:\users\yoosee\documents\visual studio 2013\projects\c++football\c++football\football_screen.cpp(131): warning C4996: 'sprintf': This function or variable may be unsafe. Consider using sprintf_s instead. To disable deprecation, use _CRT_SECURE_NO_WARNINGS. See online help for details.
                 d:\program files (x86)\microsoft visual studio 12.0\vc\include\stdio.h(356) : 'sprintf' 선언을 참조하십시오.
     1>c:\users\yoosee\documents\visual studio 2013\projects\c++football\c++football\football_screen.cpp(134): warning C4996: 'sprintf': This function or variable may be unsafe. Consider using sprintf_s instead. To disable deprecation, use _CRT_SECURE_NO_WARNINGS. See online help for details.
                 d:\program files (x86)\microsoft visual studio 12.0\vc\include\stdio.h(356) : 'sprintf' 선언을 참조하십시오.
     1>c:\users\yoosee\documents\visual studio 2013\projects\c++football\c++football\football_screen.cpp(137): warning C4996: 'sprintf': This function or variable may be unsafe. Consider using sprintf_s instead. To disable deprecation, use _CRT_SECURE_NO_WARNINGS. See online help for details.
                 d:\program files (x86)\microsoft visual studio 12.0\vc\include\stdio.h(356) : 'sprintf' 선언을 참조하십시오.
     1>c:\users\yoosee\documents\visual studio 2013\projects\c++football\c++football\football_screen.cpp(140): warning C4996: 'sprintf': This function or variable may be unsafe. Consider using sprintf_s instead. To disable deprecation, use _CRT_SECURE_NO_WARNINGS. See online help for details.
                 d:\program files (x86)\microsoft visual studio 12.0\vc\include\stdio.h(356) : 'sprintf' 선언을 참조하십시오.
     1>c:\users\yoosee\documents\visual studio 2013\projects\c++football\c++football\football_screen.cpp(144): warning C4996: 'sprintf': This function or variable may be unsafe. Consider using sprintf_s instead. To disable deprecation, use _CRT_SECURE_NO_WARNINGS. See online help for details.
                 d:\program files (x86)\microsoft visual studio 12.0\vc\include\stdio.h(356) : 'sprintf' 선언을 참조하십시오.
     1>c:\users\yoosee\documents\visual studio 2013\projects\c++football\c++football\football_screen.cpp(147): warning C4996: 'sprintf': This function or variable may be unsafe. Consider using sprintf_s instead. To disable deprecation, use _CRT_SECURE_NO_WARNINGS. See online help for details.
                 d:\program files (x86)\microsoft visual studio 12.0\vc\include\stdio.h(356) : 'sprintf' 선언을 참조하십시오.
     1>c:\users\yoosee\documents\visual studio 2013\projects\c++football\c++football\football_screen.cpp(232): warning C4996: 'sprintf': This function or variable may be unsafe. Consider using sprintf_s instead. To disable deprecation, use _CRT_SECURE_NO_WARNINGS. See online help for details.
                 d:\program files (x86)\microsoft visual studio 12.0\vc\include\stdio.h(356) : 'sprintf' 선언을 참조하십시오.
         football_function.cpp
     1>c:\users\yoosee\documents\visual studio 2013\projects\c++football\c++football\football_function.cpp(239): warning C4996: 'strncat': This function or variable may be unsafe. Consider using strncat_s instead. To disable deprecation, use _CRT_SECURE_NO_WARNINGS. See online help for details.
                 d:\program files (x86)\microsoft visual studio 12.0\vc\include\string.h(186) : 'strncat' 선언을 참조하십시오.
     1>c:\users\yoosee\documents\visual studio 2013\projects\c++football\c++football\football_function.cpp(264): warning C4101: 'i' :참조되지 않은 지역 변수입니다.
         코드를 생성하고 있습니다...
         건너뛰고 있습니다... (관련된 변경 내용 없음)
         main.cpp
       Link:
         D:\Program Files (x86)\Microsoft Visual Studio 12.0\VC\bin\link.exe /ERRORREPORT:PROMPT /OUT:"C:\Users\YooSee\Documents\Visual Studio 2013\Projects\C++football\Debug\C++football.exe" /INCREMENTAL /NOLOGO kernel32.lib user32.lib gdi32.lib winspool.lib comdlg32.lib advapi32.lib shell32.lib ole32.lib oleaut32.lib uuid.lib odbc32.lib odbccp32.lib /MANIFEST /MANIFESTUAC:"level='asInvoker' uiAccess='false'" /manifest:embed /DEBUG /PDB:"C:\Users\YooSee\Documents\Visual Studio 2013\Projects\C++football\Debug\C++football.pdb" /SUBSYSTEM:CONSOLE /TLBID:1 /DYNAMICBASE /NXCOMPAT /IMPLIB:"C:\Users\YooSee\Documents\Visual Studio 2013\Projects\C++football\Debug\C++football.lib" /MACHINE:X86 Debug\football.obj
         Debug\football_function.obj
         Debug\football_screen.obj
         Debug\main.obj
         C++football.vcxproj -> C:\Users\YooSee\Documents\Visual Studio 2013\Projects\C++football\Debug\C++football.exe
     1>"C:\Users\YooSee\Documents\Visual Studio 2013\Projects\C++football\C++football\C++football.vcxproj" 프로젝트를 빌드했습니다(Build 대상).

빌드했습니다.

경과 시간: 00:00:01.60
